<?xml version="1.0" encoding="UTF-8"?>
<!-- Generated by org.testng.reporters.JUnitXMLReporter -->
<testsuite hostname="INLH103689" ignored="0" name="CucumberPOM" tests="2" failures="2" timestamp="16 Sep 2019 04:32:00 GMT" time="120.694" errors="0">
  <testcase name="feature" time="58.872" classname="com.qa.Runner.TestRunner">
    <failure type="cucumber.runtime.CucumberException" message="java.lang.AssertionError: expected [true] but found [Search results did not contain Rekening openen]">
      <![CDATA[cucumber.runtime.CucumberException: java.lang.AssertionError: expected [true] but found [Search results did not contain Rekening openen]
at cucumber.api.testng.TestNGCucumberRunner.runCucumber(TestNGCucumberRunner.java:69)
at com.qa.Runner.TestRunner.feature(TestRunner.java:31)
Caused by: java.lang.AssertionError: expected [true] but found [Search results did not contain Rekening openen]
at com.qa.StepDefinitions.Steps_ParticulierenPage.searchResultContains(Steps_ParticulierenPage.java:35)
at ✽.Then search results contain page with title "Rekening openen" open(1_SearchFunctionality.feature:9)
... Removed 34 stack frames]]>
    </failure>
  </testcase> <!-- feature -->
  <testcase name="feature" time="60.997" classname="com.qa.Runner.TestRunner">
    <failure type="cucumber.runtime.CucumberException" message="java.lang.AssertionError: expected [private banking - rabobank] but found [contact opnemen met de rabobank – particulieren]">
      <![CDATA[cucumber.runtime.CucumberException: java.lang.AssertionError: expected [private banking - rabobank] but found [contact opnemen met de rabobank – particulieren]
at cucumber.api.testng.TestNGCucumberRunner.runCucumber(TestNGCucumberRunner.java:69)
at com.qa.Runner.TestRunner.feature(TestRunner.java:31)
Caused by: java.lang.AssertionError: expected [private banking - rabobank] but found [contact opnemen met de rabobank – particulieren]
at com.qa.Pages.Methods_ContactUs.VerifyPage_Title(Methods_ContactUs.java:26)
at com.qa.StepDefinitions.Steps_ContactUsPage.verify_the_ContactUs_Page_Details(Steps_ContactUsPage.java:33)
at ✽.Then Verify the ContactUs Page Details"Private Banking - Rabobank"(2_ContactUs.feature:19)
... Removed 35 stack frames]]>
    </failure>
  </testcase> <!-- feature -->
</testsuite> <!-- CucumberPOM -->
