<!DOCTYPE html PUBLIC "-//W3C//DTD XHTML 1.1//EN" "http://www.w3.org/TR/xhtml11/DTD/xhtml11.dtd">
<html xmlns="http://www.w3.org/1999/xhtml">
<head>
<meta http-equiv="content-type" content="text/html; charset=UTF-8"/>
<title>TestNG Report</title>
<style type="text/css">table {margin-bottom:10px;border-collapse:collapse;empty-cells:show}th,td {border:1px solid #009;padding:.25em .5em}th {vertical-align:bottom}td {vertical-align:top}table a {font-weight:bold}.stripe td {background-color: #E6EBF9}.num {text-align:right}.passedodd td {background-color: #3F3}.passedeven td {background-color: #0A0}.skippedodd td {background-color: #DDD}.skippedeven td {background-color: #CCC}.failedodd td,.attn {background-color: #F33}.failedeven td,.stripe .attn {background-color: #D00}.stacktrace {white-space:pre;font-family:monospace}.totop {font-size:85%;text-align:center;border-bottom:2px solid #000}.invisible {display:none}</style>
</head>
<body>
<table>
<tr><th>Test</th><th># Passed</th><th># Skipped</th><th># Failed</th><th>Time (ms)</th><th>Included Groups</th><th>Excluded Groups</th></tr>
<tr><th colspan="7">Suite</th></tr>
<tr><td><a href="#t0">CucumberPOM</a></td><td class="num">0</td><td class="num">0</td><td class="num attn">2</td><td class="num">120,694</td><td></td><td></td></tr>
</table>
<table id='summary'><thead><tr><th>Class</th><th>Method</th><th>Start</th><th>Time (ms)</th></tr></thead><tbody><tr><th colspan="4">Suite</th></tr></tbody><tbody id="t0"><tr><th colspan="4">CucumberPOM &#8212; failed</th></tr><tr class="failedeven"><td rowspan="2">com.qa.Runner.TestRunner</td><td><a href="#m0">feature</a></td><td rowspan="2">1568608258733</td><td rowspan="2">60997</td></tr><tr class="failedeven"><td><a href="#m1">feature</a></td></tr></tbody>
</table>
<h2>CucumberPOM</h2><h3 id="m0">com.qa.Runner.TestRunner#feature</h3><table class="result"><tr class="param"><th>Parameter #1</th></tr><tr class="param stripe"><td>Test Rabobank.nl ContactUs page</td></tr><tr><th>Exception</th></tr><tr><td><div class="stacktrace">cucumber.runtime.CucumberException: java.lang.AssertionError: expected [private banking - rabobank] but found [contact opnemen met de rabobank – particulieren]
	at cucumber.api.testng.TestNGCucumberRunner.runCucumber(TestNGCucumberRunner.java:69)
	at com.qa.Runner.TestRunner.feature(TestRunner.java:31)
Caused by: java.lang.AssertionError: expected [private banking - rabobank] but found [contact opnemen met de rabobank – particulieren]
	at com.qa.Pages.Methods_ContactUs.VerifyPage_Title(Methods_ContactUs.java:26)
	at com.qa.StepDefinitions.Steps_ContactUsPage.verify_the_ContactUs_Page_Details(Steps_ContactUsPage.java:33)
	at ✽.Then Verify the ContactUs Page Details&quot;Private Banking - Rabobank&quot;(2_ContactUs.feature:19)
... Removed 35 stack frames</div></td></tr></table><p class="totop"><a href="#summary">back to summary</a></p>
<h3 id="m1">com.qa.Runner.TestRunner#feature</h3><table class="result"><tr class="param"><th>Parameter #1</th></tr><tr class="param stripe"><td>Test Rabobank.nl search functionality</td></tr><tr><th>Exception</th></tr><tr><td><div class="stacktrace">cucumber.runtime.CucumberException: java.lang.AssertionError: expected [true] but found [Search results did not contain Rekening openen]
	at cucumber.api.testng.TestNGCucumberRunner.runCucumber(TestNGCucumberRunner.java:69)
	at com.qa.Runner.TestRunner.feature(TestRunner.java:31)
Caused by: java.lang.AssertionError: expected [true] but found [Search results did not contain Rekening openen]
	at com.qa.StepDefinitions.Steps_ParticulierenPage.searchResultContains(Steps_ParticulierenPage.java:35)
	at ✽.Then search results contain page with title &quot;Rekening openen&quot; open(1_SearchFunctionality.feature:9)
... Removed 34 stack frames</div></td></tr></table><p class="totop"><a href="#summary">back to summary</a></p>
</body>
</html>
